<?xml version="1.0" encoding="UTF-8"?>
<!-- Generated by org.testng.reporters.JUnitXMLReporter -->
<testsuite ignored="8" hostname="DESKTOP-UCA2N86" failures="0" tests="1" name="Default test" time="92.418" errors="0" timestamp="2024-03-04T13:05:03 IST">
  <testcase classname="Sprint_3_Negative.E_Commerce_Products" name="addingProductsByPassing6Values" time="92.363"/>
  <testcase classname="Sprint_3_Negative.E_Commerce_Products" name="addingProductsByPassing2Values" time="0.0">
    <ignored/>
  </testcase> <!-- addingProductsByPassing2Values -->
  <testcase classname="Sprint_3_Negative.E_Commerce_Products" name="addingProductsByPassing5Values" time="0.0">
    <ignored/>
  </testcase> <!-- addingProductsByPassing5Values -->
  <testcase classname="Sprint_3_Negative.E_Commerce_Products" name="searchEditFeildProduct" time="0.0">
    <ignored/>
  </testcase> <!-- searchEditFeildProduct -->
  <testcase classname="Sprint_3_Negative.E_Commerce_Products" name="addingProductNull" time="0.0">
    <ignored/>
  </testcase> <!-- addingProductNull -->
  <testcase classname="Sprint_3_Negative.E_Commerce_Products" name="productsLink" time="0.0">
    <ignored/>
  </testcase> <!-- productsLink -->
  <testcase classname="Sprint_3_Negative.E_Commerce_Products" name="addingProductsByPassing4Values" time="0.0">
    <ignored/>
  </testcase> <!-- addingProductsByPassing4Values -->
  <testcase classname="Sprint_3_Negative.E_Commerce_Products" name="productsGivingOnlyCategoryName" time="0.0">
    <ignored/>
  </testcase> <!-- productsGivingOnlyCategoryName -->
  <testcase classname="Sprint_3_Negative.E_Commerce_Products" name="addingProductsByPassing3Values" time="0.0">
    <ignored/>
  </testcase> <!-- addingProductsByPassing3Values -->
</testsuite> <!-- Default test -->
