<?xml version="1.0" encoding="UTF-8"?>
<!-- Generated by org.testng.reporters.JUnitXMLReporter -->
<testsuite ignored="9" hostname="DESKTOP-UCA2N86" failures="0" tests="1" name="Default test" time="70.145" errors="0" timestamp="2024-03-05T16:12:01 IST">
  <testcase classname="E_Commerce_FMS.E_CommerceProductInfo" name="productStonesViewButtonEditButton" time="70.045"/>
  <testcase classname="E_Commerce_FMS.E_CommerceProductInfo" name="addingProduct" time="0.0">
    <ignored/>
  </testcase> <!-- addingProduct -->
  <testcase classname="E_Commerce_FMS.E_CommerceProductInfo" name="productStonesViewButtonAddingProduct" time="0.0">
    <ignored/>
  </testcase> <!-- productStonesViewButtonAddingProduct -->
  <testcase classname="E_Commerce_FMS.E_CommerceProductInfo" name="productStonesViewButtonSearch" time="0.0">
    <ignored/>
  </testcase> <!-- productStonesViewButtonSearch -->
  <testcase classname="E_Commerce_FMS.E_CommerceProductInfo" name="productWeightOrSizesInfoButtonEditButtonSearchButton" time="0.0">
    <ignored/>
  </testcase> <!-- productWeightOrSizesInfoButtonEditButtonSearchButton -->
  <testcase classname="E_Commerce_FMS.E_CommerceProductInfo" name="productWeightOrSizesInfoButtonBootStrap" time="0.0">
    <ignored/>
  </testcase> <!-- productWeightOrSizesInfoButtonBootStrap -->
  <testcase classname="E_Commerce_FMS.E_CommerceProductInfo" name="productWeightOrSizesInfoButtonEdit" time="0.0">
    <ignored/>
  </testcase> <!-- productWeightOrSizesInfoButtonEdit -->
  <testcase classname="E_Commerce_FMS.E_CommerceProductInfo" name="eCommerceProductSearchButton" time="0.0">
    <ignored/>
  </testcase> <!-- eCommerceProductSearchButton -->
  <testcase classname="E_Commerce_FMS.E_CommerceProductInfo" name="productWeightOrSizesInfoButtonAddProductSizes" time="0.0">
    <ignored/>
  </testcase> <!-- productWeightOrSizesInfoButtonAddProductSizes -->
  <testcase classname="E_Commerce_FMS.E_CommerceProductInfo" name="productWeightOrSizesInfoButtonDelete" time="0.0">
    <ignored/>
  </testcase> <!-- productWeightOrSizesInfoButtonDelete -->
</testsuite> <!-- Default test -->
