<?xml version="1.0" encoding="UTF-8"?>
<testng-results ignored="30" total="31" passed="1" failed="0" skipped="0">
  <reporter-output>
  </reporter-output>
  <suite started-at="2024-03-04T16:59:51 IST" name="Default suite" finished-at="2024-03-04T17:00:27 IST" duration-ms="35617">
    <groups>
    </groups>
    <test started-at="2024-03-04T16:59:51 IST" name="Default test" finished-at="2024-03-04T17:00:27 IST" duration-ms="35617">
      <class name="Sprint_3_Negative.E_Commerce_Products">
        <test-method signature="productPageActionButton_ClearingData8()[pri:0, instance:Sprint_3_Negative.E_Commerce_Products@5b1669c0]" started-at="2024-03-04T16:59:51 IST" name="productPageActionButton_ClearingData8" finished-at="2024-03-04T17:00:27 IST" duration-ms="35553" status="PASS">
          <reporter-output>
          </reporter-output>
        </test-method> <!-- productPageActionButton_ClearingData8 -->
      </class> <!-- Sprint_3_Negative.E_Commerce_Products -->
    </test> <!-- Default test -->
  </suite> <!-- Default suite -->
</testng-results>
